<?xml version="1.0" encoding="UTF-8"?>
<!-- Generated by org.testng.reporters.JUnitXMLReporter -->
<testsuite ignored="0" hostname="Gowtham" failures="1" tests="5" name="Test" time="17.326" errors="0" timestamp="2025-03-12T11:06:53 IST">
  <testcase classname="org.testngtest.RenRunFailedTest" name="test1" time="2.11">
    <skipped/>
  </testcase> <!-- test1 -->
  <testcase classname="org.testngtest.RenRunFailedTest" name="test1" time="1.949">
    <skipped/>
  </testcase> <!-- test1 -->
  <testcase classname="org.testngtest.RenRunFailedTest" name="test1" time="2.066">
    <skipped/>
  </testcase> <!-- test1 -->
  <testcase classname="org.testngtest.RenRunFailedTest" name="test1" time="1.933">
    <skipped/>
  </testcase> <!-- test1 -->
  <testcase classname="org.testngtest.RenRunFailedTest" name="test1" time="1.973">
    <failure type="java.lang.AssertionError" message="expected [true] but found [false]">
      <![CDATA[java.lang.AssertionError: expected [true] but found [false]
at java.base/java.util.ArrayList.forEach(ArrayList.java:1511)
... Removed 32 stack frames]]>
    </failure>
  </testcase> <!-- test1 -->
</testsuite> <!-- Test -->
